open source     > level 1, order 1, name '/home/farliz/context/tex/texmf-context/tex/context/base/mkiv/cont-yes.mkiv'
system          > 
system          > ConTeXt  ver: 2018.07.27 19:12 MKIV beta  fmt: 2018.8.2  int: english/english
system          > 
system          > 'cont-new.mkiv' loaded
open source     > level 2, order 2, name '/home/farliz/context/tex/texmf-context/tex/context/base/mkiv/cont-new.mkiv'
system          > beware: some patches loaded from cont-new.mkiv
close source    > level 2, order 2, name '/home/farliz/context/tex/texmf-context/tex/context/base/mkiv/cont-new.mkiv'
system          > files > jobname 'main', input './main', result 'main'
fonts           > latin modern fonts are not preloaded
languages       > language 'en' is active
system          > synctex functionality is enabled, expect 5-10 pct runtime overhead!
open source     > level 2, order 3, name '/home/farliz/Dropbox_utm/Dropbox/sensorcrop_et/main.tex'
open source     > level 3, order 4, name 'farliz_garamondpro.tex'
fonts           > preloading modern-designsize (math)
fonts           > typescripts > unknown library 'modern-designsize'
fonts           > 'fallback modern-designsize mm 12pt' is loaded
fonts           > preloading modern-designsize (mono)
fonts           > 'fallback modern-designsize tt 12pt' is loaded
close source    > level 3, order 4, name 'farliz_garamondpro.tex'
publications    > adding bib data to set 'default' from source 'ref.bib'
interface       > macros > processed mkvi file '/home/farliz/context/tex/texmf-context/tex/context/base/mkiv/publ-imp-apa.mkvi', delta 94
interface       > macros > processed mkvi file '/home/farliz/context/tex/texmf-context/tex/context/base/mkiv/publ-imp-apa.mkvi', delta 0
open source     > level 3, order 5, name '/home/farliz/context/tex/texmf-context/tex/context/base/mkiv/publ-imp-apa.mkvi'
close source    > level 3, order 5, name '/home/farliz/context/tex/texmf-context/tex/context/base/mkiv/publ-imp-apa.mkvi'
layer           > unknown layer bground
structure       > sectioning > subject @ level 3 : 0.0.0 -> Evapotranspiración y el Riego \thinrule 
publications    > analyzing previous publication run for 'default'
floatblocks     > '1' placed (here)
structure       > sectioning > subject @ level 3 : 0.0.0 -> Objetivo \thinrule 
structure       > sectioning > subject @ level 3 : 0.0.0 -> Metodología \thinrule 
columns         > balanced in '137' step(s)
backend         > xmp > using file '/home/farliz/context/tex/texmf-context/tex/context/base/mkiv/lpdf-pdx.xml'
pages           > flushing realpage 1, userpage 1, subpage 1
floatblocks     > '2' placed (here)
structure       > sectioning > subject @ level 3 : 0.0.0 -> Solución y Alcance \thinrule 
structure       > sectioning > subject @ level 3 : 0.0.0 -> Referencias
publications    > list > collecting entries using method 'global' and sort order 'authoryear'
columns         > balanced in '95' step(s)
pages           > flushing realpage 2, userpage 2
close source    > level 2, order 5, name '/home/farliz/Dropbox_utm/Dropbox/sensorcrop_et/main.tex'
close source    > level 1, order 5, name '/home/farliz/context/tex/texmf-context/tex/context/base/mkiv/cont-yes.mkiv'

system          > start used files

system          > text: main

system          > stop used files


system          > start used files

system          >    1: filename=char-prv.lua filetype=tex format=tex foundname=/home/farliz/context/tex/texmf-context/tex/context/base/mkiv/char-prv.lua fullname=/home/farliz/context/tex/texmf-context/tex/context/base/mkiv/char-prv.lua usedmethod=database
system          >    2: filename=cont-yes.mkiv filetype=tex foundname=/home/farliz/context/tex/texmf-context/tex/context/base/mkiv/cont-yes.mkiv fullname=/home/farliz/context/tex/texmf-context/tex/context/base/mkiv/cont-yes.mkiv usedmethod=database
system          >    3: filename=publ-imp-default.lua filetype=scripts foundname=/home/farliz/context/tex/texmf-context/tex/context/base/mkiv/publ-imp-default.lua fullname=/home/farliz/context/tex/texmf-context/tex/context/base/mkiv/publ-imp-default.lua usedmethod=database
system          >    4: filename=cont-new.mkiv filetype=tex foundname=/home/farliz/context/tex/texmf-context/tex/context/base/mkiv/cont-new.mkiv fullname=/home/farliz/context/tex/texmf-context/tex/context/base/mkiv/cont-new.mkiv usedmethod=database
system          >    5: filename=lang-exc.lua filetype=scripts foundname=/home/farliz/context/tex/texmf-context/tex/context/base/mkiv/lang-exc.lua fullname=/home/farliz/context/tex/texmf-context/tex/context/base/mkiv/lang-exc.lua usedmethod=database
system          >    6: filename=lang-us.lua filetype=scripts foundname=/home/farliz/context/tex/texmf-context/tex/context/patterns/mkiv/lang-us.lua fullname=/home/farliz/context/tex/texmf-context/tex/context/patterns/mkiv/lang-us.lua usedmethod=database
system          >    7: filename=/home/farliz/Dropbox_utm/Dropbox/sensorcrop_et/main.tex foundname=/home/farliz/Dropbox_utm/Dropbox/sensorcrop_et/main.tex fullname=/home/farliz/Dropbox_utm/Dropbox/sensorcrop_et/main.tex usedmethod=direct
system          >    8: filename=farliz_garamondpro filetype=tex foundname=farliz_garamondpro.tex fullname=/home/farliz/Dropbox_utm/Dropbox/sensorcrop_et/farliz_garamondpro.tex usedmethod=filesystem
system          >    9: filename=lang-es.lua filetype=scripts foundname=/home/farliz/context/tex/texmf-context/tex/context/patterns/mkiv/lang-es.lua fullname=/home/farliz/context/tex/texmf-context/tex/context/patterns/mkiv/lang-es.lua usedmethod=database
system          >   10: filename=/home/farliz/.fonts/Garamond_Premier_Pro/GaramondPremrPro.otf format=otf foundname=/home/farliz/.fonts/Garamond_Premier_Pro/GaramondPremrPro.otf fullname=/home/farliz/.fonts/Garamond_Premier_Pro/GaramondPremrPro.otf usedmethod=direct
system          >   11: filename=ref filetype=bib format=bib foundname=ref.bib fullname=/home/farliz/Dropbox_utm/Dropbox/sensorcrop_et/ref.bib usedmethod=filesystem
system          >   12: filename=publ-imp-apa.mkvi filetype=tex foundname=/home/farliz/context/tex/texmf-context/tex/context/base/mkiv/publ-imp-apa.mkvi fullname=/home/farliz/context/tex/texmf-context/tex/context/base/mkiv/publ-imp-apa.mkvi usedmethod=database
system          >   13: filename=publ-imp-apa.lua filetype=scripts foundname=/home/farliz/context/tex/texmf-context/tex/context/base/mkiv/publ-imp-apa.lua fullname=/home/farliz/context/tex/texmf-context/tex/context/base/mkiv/publ-imp-apa.lua usedmethod=database
system          >   14: filename=/home/farliz/Dropbox_utm/Dropbox/sensorcrop_et/img/sc.jpeg format=tex foundname=/home/farliz/Dropbox_utm/Dropbox/sensorcrop_et/img/sc.jpeg fullname=/home/farliz/Dropbox_utm/Dropbox/sensorcrop_et/img/sc.jpeg usedmethod=direct
system          >   15: filename=/home/farliz/.fonts/Garamond_Premier_Pro/GaramondPremrPro-Bd.otf format=otf foundname=/home/farliz/.fonts/Garamond_Premier_Pro/GaramondPremrPro-Bd.otf fullname=/home/farliz/.fonts/Garamond_Premier_Pro/GaramondPremrPro-Bd.otf usedmethod=direct
system          >   16: filename=/home/farliz/Dropbox_utm/Dropbox/sensorcrop_et/img/yubox.png format=tex foundname=/home/farliz/Dropbox_utm/Dropbox/sensorcrop_et/img/yubox.png fullname=/home/farliz/Dropbox_utm/Dropbox/sensorcrop_et/img/yubox.png usedmethod=direct
system          >   17: filename=/home/farliz/.fonts/Garamond_Premier_Pro/GaramondPremrPro-It.otf format=otf foundname=/home/farliz/.fonts/Garamond_Premier_Pro/GaramondPremrPro-It.otf fullname=/home/farliz/.fonts/Garamond_Premier_Pro/GaramondPremrPro-It.otf usedmethod=direct
system          >   18: filename=/home/farliz/Dropbox_utm/Dropbox/sensorcrop_et/img/et.jpg format=tex foundname=/home/farliz/Dropbox_utm/Dropbox/sensorcrop_et/img/et.jpg fullname=/home/farliz/Dropbox_utm/Dropbox/sensorcrop_et/img/et.jpg usedmethod=direct
system          >   19: filename=lpdf-pdx.xml filetype=tex foundname=/home/farliz/context/tex/texmf-context/tex/context/base/mkiv/lpdf-pdx.xml fullname=/home/farliz/context/tex/texmf-context/tex/context/base/mkiv/lpdf-pdx.xml usedmethod=database
system          >   20: filename=/home/farliz/Dropbox_utm/Dropbox/sensorcrop_et/img/water.jpg format=tex foundname=/home/farliz/Dropbox_utm/Dropbox/sensorcrop_et/img/water.jpg fullname=/home/farliz/Dropbox_utm/Dropbox/sensorcrop_et/img/water.jpg usedmethod=direct
system          >   21: filename=/home/farliz/.fonts/FiraSans/FiraSans-Regular.otf format=otf foundname=/home/farliz/.fonts/FiraSans/FiraSans-Regular.otf fullname=/home/farliz/.fonts/FiraSans/FiraSans-Regular.otf usedmethod=direct
system          >   22: filename=/home/farliz/.fonts/FiraSans/FiraSans-Bold.otf format=otf foundname=/home/farliz/.fonts/FiraSans/FiraSans-Bold.otf fullname=/home/farliz/.fonts/FiraSans/FiraSans-Bold.otf usedmethod=direct

system          > stop used files


system          > start commandline options

system          > currentrun="3"
system          > fulljobname="./main.tex"
system          > input="./main.tex"
system          > kindofrun="2"
system          > maxnofruns="9"
system          > no-parse-first-line="true"
system          > synctex="true"

system          > stop commandline options


system          > start commandline files

system          >    1: ./main.tex

system          > stop commandline files


modules         > start used modules


modules         > stop used modules


mkiv lua stats  > used config file: selfautoparent:/texmf/web2c/texmfcnf.lua
mkiv lua stats  > used cache path: /home/farliz/context/tex/texmf-cache/luatex-cache/context/5fe67e0bfe781ce0dde776fb1556f32e
mkiv lua stats  > resource resolver: loadtime 0.010 seconds, 0 scans with scantime 0.000 seconds, 0 shared scans, 22 found files, scanned paths: <none>
mkiv lua stats  > stored bytecode data: 429 modules (0.276 sec), 93 tables (0.016 sec), 522 chunks (0.292 sec)
mkiv lua stats  > traced context: maxstack: 1343, freed: 2, unreachable: 1341
mkiv lua stats  > cleaned up reserved nodes: 62 nodes, 10 lists of 464
mkiv lua stats  > node memory usage: 5 glue, 2 kern, 6 penalty, 41 attribute, 51 glue_spec, 10 attribute_list, 2 temp, 2 user_defined, 8 pdf_setmatrix, 4 pdf_save, 4 pdf_restore
mkiv lua stats  > node list callback tasks: 8 unique task lists, 8 instances (re)created, 2161 calls
mkiv lua stats  > synctex tracing: 3 referenced files, 5 files ignored, 215 objects flushed, logfile: main.synctex
mkiv lua stats  > used backend: pdf (backend for directly generating pdf output)
mkiv lua stats  > jobdata time: 0.002 seconds saving, 0.001 seconds loading
mkiv lua stats  > callbacks: internal: 2966, file: 2021, direct: 12, late: 258, function 1285, total: 6542 (6542 per page)
mkiv lua stats  > randomizer: resumed with value 0.7600672096014
mkiv lua stats  > positions: 4 collected, 2 regular, 2 special
mkiv lua stats  > v-node processing time: 0.042 seconds 
mkiv lua stats  > loaded patterns: en::2 es::55, load time: 0.000
mkiv lua stats  > interactive elements: 8 references, 9 destinations
mkiv lua stats  > result saved in file: main.pdf, compresslevel 3, objectcompresslevel 3
mkiv lua stats  > loaded fonts: 5 files: firasans-bold.otf, firasans-regular.otf, garamondpremrpro-bd.otf, garamondpremrpro-it.otf, garamondpremrpro.otf
mkiv lua stats  > font engine: otf 3.104, afm 1.513, tfm 1.000, 12 instances, 7 shared in backend, 0 common vectors, 7 common hashes, load time 0.281 seconds 
mkiv lua stats  > graphics processing time: 0.018 seconds including tex, 9 processed images, 5 unique asked, 0 bad names
mkiv lua stats  > publications load time: 0.001 seconds, 780 bytes, 2 definitions, 0 shortcuts
mkiv lua stats  > pdf annotations: 8 links (8 unique), 0 special
mkiv lua stats  > used platform: linux-64, type: unix, binary subtree: texmf-linux-64
mkiv lua stats  > used engine: luatex version 1.08 with functionality level 6731, banner: this is luatex, version 1.08.0 (tex live 2018)
mkiv lua stats  > control sequences: 47068 of 65536 + 100000
mkiv lua stats  > lua properties: engine: lua 5.3, used memory: 112 MB (ctx: 112 MB), hash type: lua, hash chars: min(64,40), symbol mask: utf (τεχ)
mkiv lua stats  > runtime: 1.304 seconds, 2 processed pages, 2 shipped pages, 1.534 pages/second

